<?xml version="1.0" encoding="UTF-8"?>
<!-- Generated by org.testng.reporters.JUnitXMLReporter -->
<testsuite hostname="LAPTOP-99IORVV9" ignored="0" name="Login Test" tests="1" failures="1" timestamp="2022-06-02T11:52:59 MSK" time="6.051" errors="0">
  <testcase name="loginTest" time="5.652" classname="com.w2a.testcases.LoginTest">
    <failure type="java.lang.AssertionError" message="Login test failed">
      <![CDATA[java.lang.AssertionError: Login test failed
at com.w2a.testcases.LoginTest.loginTest(LoginTest.java:22)
at java.util.ArrayList.forEach(ArrayList.java:1259)
... Removed 28 stack frames]]>
    </failure>
  </testcase> <!-- loginTest -->
</testsuite> <!-- Login Test -->
